[debug] [2023-07-09T21:27:11.553Z] ----------------------------------------------------------------------
[debug] [2023-07-09T21:27:11.556Z] Command:       /usr/bin/node /usr/bin/firebase init
[debug] [2023-07-09T21:27:11.557Z] CLI Version:   12.4.3
[debug] [2023-07-09T21:27:11.558Z] Platform:      linux
[debug] [2023-07-09T21:27:11.558Z] Node Version:  v20.3.1
[debug] [2023-07-09T21:27:11.558Z] Time:          Sun Jul 09 2023 18:27:11 GMT-0300 (hora estándar de Argentina)
[debug] [2023-07-09T21:27:11.558Z] ----------------------------------------------------------------------
[debug] 
[debug] [2023-07-09T21:27:11.569Z] > command requires scopes: ["email","openid","https://www.googleapis.com/auth/cloudplatformprojects.readonly","https://www.googleapis.com/auth/firebase","https://www.googleapis.com/auth/cloud-platform"]
[debug] [2023-07-09T21:27:11.570Z] > authorizing via signed-in user (lescanoagustin10nahuel@gmail.com)
[info] 
     ######## #### ########  ######## ########     ###     ######  ########
     ##        ##  ##     ## ##       ##     ##  ##   ##  ##       ##
     ######    ##  ########  ######   ########  #########  ######  ######
     ##        ##  ##    ##  ##       ##     ## ##     ##       ## ##
     ##       #### ##     ## ######## ########  ##     ##  ######  ########

You're about to initialize a Firebase project in this directory:

  /home/arcolinux/Documentos/repos/Henry/firebase-tutorial

[info] 
=== Project Setup
[info] 
[info] First, let's associate this project directory with a Firebase project.
[info] You can create multiple project aliases by running firebase use --add, 
[info] but for now we'll just set up a default project.
[info] 
[debug] [2023-07-09T21:28:58.775Z] >>> [apiv2][query] GET https://firebase.googleapis.com/v1beta1/projects pageSize=100
[debug] [2023-07-09T21:28:59.448Z] <<< [apiv2][status] GET https://firebase.googleapis.com/v1beta1/projects 200
[debug] [2023-07-09T21:28:59.449Z] <<< [apiv2][body] GET https://firebase.googleapis.com/v1beta1/projects [omitted]
[info] i  Using project fir-tutorial-27204 (firebase tutorial) 
[info] 
=== Hosting Setup
[info] 
[info] Your public directory is the folder (relative to your project directory) that
[info] will contain Hosting assets to be uploaded with firebase deploy. If you
[info] have a build process for your assets, use your build's output directory.
[info] 
[info] ✔  Wrote public/404.html 
[debug] [2023-07-09T21:30:47.549Z] >>> [apiv2][query] GET https://www.gstatic.com/firebasejs/releases.json [none]
[debug] [2023-07-09T21:30:47.647Z] <<< [apiv2][status] GET https://www.gstatic.com/firebasejs/releases.json 200
[debug] [2023-07-09T21:30:47.648Z] <<< [apiv2][body] GET https://www.gstatic.com/firebasejs/releases.json {"current":{"version":"10.0.0","browserURL":"https://www.gstatic.com/firebasejs/10.0.0/firebase.js","packageURL":"https://www.gstatic.com/firebasejs/10.0.0/firebase.tgz"},"live":{"version":"10.0","browserURL":"https://www.gstatic.com/firebasejs/live/10.0/firebase.js","packageURL":"https://www.gstatic.com/firebasejs/live/10.0/firebase.tgz"},"components":{"analytics":"https://www.gstatic.com/firebasejs/10.0.0/firebase-analytics.js","app":"https://www.gstatic.com/firebasejs/10.0.0/firebase-app.js","app-check":"https://www.gstatic.com/firebasejs/10.0.0/firebase-app-check.js","auth":"https://www.gstatic.com/firebasejs/10.0.0/firebase-auth.js","auth/cordova":"https://www.gstatic.com/firebasejs/10.0.0/firebase-auth/cordova.js","functions":"https://www.gstatic.com/firebasejs/10.0.0/firebase-functions.js","firestore":"https://www.gstatic.com/firebasejs/10.0.0/firebase-firestore.js","firestore/lite":"https://www.gstatic.com/firebasejs/10.0.0/firebase-firestore/lite.js","installations":"https://www.gstatic.com/firebasejs/10.0.0/firebase-installations.js","storage":"https://www.gstatic.com/firebasejs/10.0.0/firebase-storage.js","performance":"https://www.gstatic.com/firebasejs/10.0.0/firebase-performance.js","remote-config":"https://www.gstatic.com/firebasejs/10.0.0/firebase-remote-config.js","messaging":"https://www.gstatic.com/firebasejs/10.0.0/firebase-messaging.js","messaging/sw":"https://www.gstatic.com/firebasejs/10.0.0/firebase-messaging/sw.js","database":"https://www.gstatic.com/firebasejs/10.0.0/firebase-database.js","firestore.memory":"https://www.gstatic.com/firebasejs/10.0.0/firebase-firestore.memory.js"}}
[info] i  Skipping write of public/index.html 
[info] 
[info] i  Detected a .git folder at /home/arcolinux/Documentos/repos/Henry/firebase-tutorial 
[info] i  Authorizing with GitHub to upload your service account to a GitHub repository's secrets store. 
[info] 
[info] Visit this URL on this device to log in:
[info] https://github.com/login/oauth/authorize?client_id=89cf50f02ac6aaed3484&state=759583390&redirect_uri=http%3A%2F%2Flocalhost%3A9005&scope=read%3Auser%20repo%20public_repo
[info] 
[info] Waiting for authentication...
[debug] [2023-07-09T21:31:29.466Z] >>> [apiv2][query] POST https://github.com/login/oauth/access_token [none]
[debug] [2023-07-09T21:31:29.466Z] >>> [apiv2][body] POST https://github.com/login/oauth/access_token [stream]
[debug] [2023-07-09T21:31:29.826Z] <<< [apiv2][status] POST https://github.com/login/oauth/access_token 200
[debug] [2023-07-09T21:31:29.826Z] <<< [apiv2][body] POST https://github.com/login/oauth/access_token {"access_token":"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","token_type":"bearer","scope":"read:user,repo"}
[debug] [2023-07-09T21:31:29.840Z] >>> [apiv2][query] GET https://api.github.com/user [none]
[debug] [2023-07-09T21:31:30.227Z] <<< [apiv2][status] GET https://api.github.com/user 200
[debug] [2023-07-09T21:31:30.228Z] <<< [apiv2][body] GET https://api.github.com/user {"login":"NahuelLescano","id":66566866,"node_id":"MDQ6VXNlcjY2NTY2ODY2","avatar_url":"https://avatars.githubusercontent.com/u/66566866?v=4","gravatar_id":"","url":"https://api.github.com/users/NahuelLescano","html_url":"https://github.com/NahuelLescano","followers_url":"https://api.github.com/users/NahuelLescano/followers","following_url":"https://api.github.com/users/NahuelLescano/following{/other_user}","gists_url":"https://api.github.com/users/NahuelLescano/gists{/gist_id}","starred_url":"https://api.github.com/users/NahuelLescano/starred{/owner}{/repo}","subscriptions_url":"https://api.github.com/users/NahuelLescano/subscriptions","organizations_url":"https://api.github.com/users/NahuelLescano/orgs","repos_url":"https://api.github.com/users/NahuelLescano/repos","events_url":"https://api.github.com/users/NahuelLescano/events{/privacy}","received_events_url":"https://api.github.com/users/NahuelLescano/received_events","type":"User","site_admin":false,"name":"Nahuel Lescano","company":null,"blog":"","location":null,"email":null,"hireable":null,"bio":"Full Stack web developer | React | Redux | Javascript | CCS | \r\nEstudiante de Analista en sistemas.\r\nEstudiante Ingeniería en Informática.","twitter_username":"nahuel0495","public_repos":8,"public_gists":0,"followers":15,"following":34,"created_at":"2020-06-07T17:19:34Z","updated_at":"2023-04-30T19:13:39Z","private_gists":0,"total_private_repos":6,"owned_private_repos":2,"disk_usage":332160,"collaborators":0,"two_factor_authentication":false,"plan":{"name":"free","space":976562499,"collaborators":0,"private_repos":10000}}
[info] 
[info] ✔  Success! Logged into GitHub as NahuelLescano 
[info] 
